F:\PUZZLE\PUZZLE\PUZZLE\DEBUG\PUZZLE.PCH
F:\PUZZLE\PUZZLE\PUZZLE\DEBUG\STDAFX.OBJ
F:\PUZZLE\PUZZLE\PUZZLE\DEBUG\VC110.PDB
F:\PUZZLE\PUZZLE\PUZZLE\DEBUG\DIALOGN.OBJ
F:\PUZZLE\PUZZLE\PUZZLE\DEBUG\MAINFRM.OBJ
F:\PUZZLE\PUZZLE\PUZZLE\DEBUG\PUZZLE.OBJ
F:\PUZZLE\PUZZLE\PUZZLE\DEBUG\PUZZLEDOC.OBJ
F:\PUZZLE\PUZZLE\PUZZLE\DEBUG\TILE.OBJ
F:\PUZZLE\PUZZLE\PUZZLE\DEBUG\PUZZLEVIEW.OBJ
F:\PUZZLE\PUZZLE\DEBUG\PUZZLE.ILK
F:\PUZZLE\PUZZLE\DEBUG\PUZZLE.EXE
F:\PUZZLE\PUZZLE\DEBUG\PUZZLE.PDB
F:\PUZZLE\PUZZLE\PUZZLE\DEBUG\PUZZLE.RES
C:\Users\user\Desktop\puzzle\puzzle\puzzle\Debug\DialogN.obj
C:\Users\user\Desktop\puzzle\puzzle\puzzle\Debug\MainFrm.obj
C:\Users\user\Desktop\puzzle\puzzle\puzzle\Debug\puzzle.obj
C:\Users\user\Desktop\puzzle\puzzle\puzzle\Debug\puzzleDoc.obj
C:\Users\user\Desktop\puzzle\puzzle\puzzle\Debug\puzzleView.obj
C:\Users\user\Desktop\puzzle\puzzle\puzzle\Debug\stdafx.obj
C:\Users\user\Desktop\puzzle\puzzle\puzzle\Debug\Tile.obj
C:\Users\user\Desktop\puzzle\puzzle\puzzle\Debug\cl.command.1.tlog
C:\Users\user\Desktop\puzzle\puzzle\puzzle\Debug\CL.read.1.tlog
C:\Users\user\Desktop\puzzle\puzzle\puzzle\Debug\CL.write.1.tlog
C:\Users\user\Desktop\puzzle\puzzle\puzzle\Debug\link-cvtres.read.1.tlog
C:\Users\user\Desktop\puzzle\puzzle\puzzle\Debug\link-cvtres.write.1.tlog
C:\Users\user\Desktop\puzzle\puzzle\puzzle\Debug\link-mt.read.1.tlog
C:\Users\user\Desktop\puzzle\puzzle\puzzle\Debug\link-mt.write.1.tlog
C:\Users\user\Desktop\puzzle\puzzle\puzzle\Debug\link-rc.read.1.tlog
C:\Users\user\Desktop\puzzle\puzzle\puzzle\Debug\link-rc.write.1.tlog
C:\Users\user\Desktop\puzzle\puzzle\puzzle\Debug\link.command.1.tlog
C:\Users\user\Desktop\puzzle\puzzle\puzzle\Debug\link.read.1.tlog
C:\Users\user\Desktop\puzzle\puzzle\puzzle\Debug\link.write.1.tlog
C:\Users\user\Desktop\puzzle\puzzle\puzzle\Debug\rc.command.1.tlog
C:\Users\user\Desktop\puzzle\puzzle\puzzle\Debug\rc.read.1.tlog
C:\Users\user\Desktop\puzzle\puzzle\puzzle\Debug\rc.write.1.tlog
C:\Users\user\Desktop\puzzle\puzzle\puzzle\Debug\puzzle.res
C:\Users\user\Desktop\puzzle\puzzle\puzzle\Debug\puzzle.pch
C:\Users\user\Desktop\puzzle\puzzle\puzzle\Debug\vc110.idb
C:\Users\user\Desktop\puzzle\puzzle\puzzle\Debug\vc110.pdb
C:\Users\user\Desktop\puzzle\puzzle\Debug\puzzle.pdb
C:\Users\user\Desktop\puzzle\puzzle\Debug\puzzle.exe
C:\Users\user\Desktop\puzzle\puzzle\Debug\puzzle.ilk
